<?xml version="1.0" encoding="utf-8"?><testsuites name="pytest tests"><testsuite name="pytest" errors="0" failures="0" skipped="0" tests="13" time="4.768" timestamp="2026-08-14T10:28:56.421571+00:00" hostname="agent-env-fc87c7ac-826f-4eca-9595-486790f69a4f"><testcase classname="tests.test_hospital_flows" name="test_hospital_b_cannot_see_hospital_a_jobs" time="1.446" /><testcase classname="tests.test_hospital_flows" name="test_hospital_b_cannot_patch_hospital_a_job" time="0.082" /><testcase classname="tests.test_hospital_flows" name="test_hospital_a_can_patch_own_job" time="0.159" /><testcase classname="tests.test_hospital_flows" name="test_hospital_a_reads_application_snapshot" time="0.772" /><testcase classname="tests.test_hospital_flows" name="test_hospital_b_cannot_read_hospital_a_application" time="0.068" /><testcase classname="tests.test_hospital_flows" name="test_hospital_b_cannot_patch_hospital_a_application" time="0.074" /><testcase classname="tests.test_hospital_flows" name="test_hospital_b_list_applications_excludes_hospital_a" time="0.070" /><testcase classname="tests.test_hospital_flows" name="test_interview_schedule_and_status_transition" time="0.299" /><testcase classname="tests.test_hospital_flows" name="test_hospital_b_cannot_see_hospital_a_interviews" time="0.074" /><testcase classname="tests.test_hospital_flows" name="test_job_close_hides_from_public" time="0.192" /><testcase classname="tests.test_hospital_flows" name="test_nurse_cannot_apply_to_closed_job" time="0.671" /><testcase classname="tests.test_hospital_flows" name="test_nurse_cannot_patch_job" time="0.103" /><testcase classname="tests.test_hospital_flows" name="test_hospital_profile_and_license_upload" time="0.293" /></testsuite></testsuites>