<?xml version="1.0" encoding="utf-8"?><testsuites name="pytest tests"><testsuite name="pytest" errors="0" failures="0" skipped="0" tests="8" time="4.751" timestamp="2026-08-19T06:04:27.555545+00:00" hostname="agent-env-fc87c7ac-826f-4eca-9595-486790f69a4f"><testcase classname="tests.test_workflow_wf10.TestAdminStats" name="test_requires_auth" time="0.141" /><testcase classname="tests.test_workflow_wf10.TestAdminStats" name="test_forbids_non_admin" time="1.259" /><testcase classname="tests.test_workflow_wf10.TestAdminEdit" name="test_admin_can_patch_nurse_profile" time="1.828" /><testcase classname="tests.test_workflow_wf10.TestAdminStats" name="test_identity_and_shape" time="0.483" /><testcase classname="tests.test_workflow_wf10.TestAdminEdit" name="test_admin_can_patch_hospital" time="1.342" /><testcase classname="tests.test_workflow_wf10.TestAdminStats" name="test_counts_move_when_nurse_registers" time="1.236" /><testcase classname="tests.test_workflow_wf10.TestSelectedJoinedReport" name="test_report_data_via_admin_application_list" time="0.470" /><testcase classname="tests.test_workflow_wf10.TestAdminEdit" name="test_admin_verification_reflects_in_stats" time="1.064" /></testsuite></testsuites>