<?xml version="1.0" encoding="utf-8"?><testsuites name="pytest tests"><testsuite name="pytest" errors="0" failures="1" skipped="0" tests="95" time="73.063" timestamp="2026-08-19T06:02:59.666800+00:00" hostname="agent-env-fc87c7ac-826f-4eca-9595-486790f69a4f"><testcase classname="tests.test_nurse_flows" name="test_register_login_nurse" time="1.136" /><testcase classname="tests.test_nurse_flows" name="test_status_endpoint_public" time="0.259" /><testcase classname="tests.test_hospital_flows" name="test_hospital_b_cannot_see_hospital_a_jobs" time="2.283" /><testcase classname="tests.test_hospital_flows" name="test_hospital_b_cannot_patch_hospital_a_job" time="0.129" /><testcase classname="tests.test_hospital_flows" name="test_hospital_a_can_patch_own_job" time="0.231" /><testcase classname="tests.test_nurse_flows" name="test_public_jobs_lists_created_job" time="1.310" /><testcase classname="tests.test_nurse_flows" name="test_nurse_can_read_active_job_by_id" time="0.258" /><testcase classname="tests.test_nurse_flows" name="test_nurse_saves_job" time="0.392" /><testcase classname="tests.test_nurse_flows" name="test_nurse_applies_and_duplicate_blocked" time="0.189" /><testcase classname="tests.test_hospital_flows" name="test_hospital_a_reads_application_snapshot" time="0.803" /><testcase classname="tests.test_hospital_flows" name="test_hospital_b_cannot_read_hospital_a_application" time="0.077" /><testcase classname="tests.test_hospital_flows" name="test_hospital_b_cannot_patch_hospital_a_application" time="0.137" /><testcase classname="tests.test_nurse_flows" name="test_nurse_cannot_change_own_application_status" time="0.191" /><testcase classname="tests.test_hospital_flows" name="test_hospital_b_list_applications_excludes_hospital_a" time="0.115" /><testcase classname="tests.test_nurse_flows" name="test_hospital_shortlists_application" time="0.282" /><testcase classname="tests.test_hospital_flows" name="test_interview_schedule_and_status_transition" time="0.413" /><testcase classname="tests.test_nurse_flows" name="test_hospital_creates_interview_nurse_reads" time="0.362" /><testcase classname="tests.test_hospital_flows" name="test_hospital_b_cannot_see_hospital_a_interviews" time="0.131" /><testcase classname="tests.test_hospital_flows" name="test_job_close_hides_from_public" time="0.178" /><testcase classname="tests.test_hospital_flows" name="test_nurse_cannot_apply_to_closed_job" time="1.073" /><testcase classname="tests.test_nurse_flows" name="test_nurse_b_sees_empty_and_cannot_read_nurse_a_profile" time="1.667" /><testcase classname="tests.test_hospital_flows" name="test_nurse_cannot_patch_job" time="0.080" /><testcase classname="tests.test_hospital_flows" name="test_hospital_profile_and_license_upload" time="0.418" /><testcase classname="tests.test_nurse_flows" name="test_document_upload_download_delete" time="0.540" /><testcase classname="tests.test_security_live" name="test_admin_bootstrap_rejects_without_secret" time="1.068" /><testcase classname="tests.test_security_live" name="test_register_rejects_admin_account_type" time="0.267" /><testcase classname="tests.test_nurse_flows" name="test_other_hospital_cannot_read_application" time="1.163" /><testcase classname="tests.test_security_live" name="test_generic_resource_allowlist" time="7.304" /><testcase classname="tests.test_admin_flows" name="test_non_admin_admin_users_forbidden" time="0.920" /><testcase classname="tests.test_admin_flows" name="test_admin_users_list_ok_no_password_hash" time="0.455" /><testcase classname="tests.test_admin_flows" name="test_nurse_profile_create_verification_stripped" time="0.336" /><testcase classname="tests.test_admin_flows" name="test_hospital_profile_create_and_patch_verification_stripped" time="2.930" /><testcase classname="tests.test_admin_flows" name="test_hospital_cannot_forge_hospital_verified_on_job" time="0.285" /><testcase classname="tests.test_admin_flows" name="test_admin_verify_hospital_propagates_to_jobs" time="3.318" /><testcase classname="tests.test_security_live" name="test_unauthenticated_requires_token" time="1.194" /><testcase classname="tests.test_security_live" name="test_profile_ownership_isolation" time="2.718" /><testcase classname="tests.test_admin_flows" name="test_admin_approve_pending_job_publishes_and_alerts" time="3.231" /><testcase classname="tests.test_security_live" name="test_nurse_profile_and_saved_job_isolation" time="2.440" /><testcase classname="tests.test_admin_flows" name="test_admin_reject_job_hides_from_public" time="1.783" /><testcase classname="tests.test_admin_flows" name="test_admin_reads_all_applications_and_documents" time="3.940" /><testcase classname="tests.test_security_live" name="test_hospital_and_job_isolation_full_flow" time="10.486" /><testcase classname="tests.test_workflow_iteration8" name="test_register_rejects_bad_mobile" time="3.161" /><testcase classname="tests.test_workflow_iteration8" name="test_register_rejects_duplicate_mobile" time="2.623" /><testcase classname="tests.test_workflow_iteration8" name="test_hospital_profile_and_publish_job" time="0.309" /><testcase classname="tests.test_workflow_iteration8" name="test_nurse_apply_and_duplicate_blocked" time="0.357" /><testcase classname="tests.test_workflow_iteration8" name="test_hospital_shortlist_interview_select" time="1.604" /><testcase classname="tests.test_security_live" name="test_document_privacy" time="1.744" /><testcase classname="tests.test_workflow_iteration8" name="test_reject_path" time="0.351" /><testcase classname="tests.test_security_live" name="test_admin_can_access_and_manage_everything" time="4.811" /><testcase classname="tests.test_workflow_iteration8" name="test_nurse_cannot_change_status" time="0.259" /><testcase classname="tests.test_workflow_iteration8" name="test_rls_hospital_isolation" time="1.326" /><testcase classname="tests.test_password_management.TestChangePassword" name="test_happy_path_invalidates_old_token" time="2.393" /><testcase classname="tests.test_password_management.TestChangePassword" name="test_wrong_current_password" time="1.011" /><testcase classname="tests.test_security_live" name="test_immutable_ownership_fields_on_patch" time="2.707" /><testcase classname="tests.test_password_management.TestChangePassword" name="test_short_new_password" time="1.287" /><testcase classname="tests.test_password_management.TestChangePassword" name="test_same_as_current" time="1.180" /><testcase classname="tests.test_password_management.TestChangePassword" name="test_unauthenticated" time="0.094" /><testcase classname="tests.test_password_management.TestChangePassword" name="test_hospital_can_change_own" time="2.233" /><testcase classname="tests.test_password_management.TestChangePassword" name="test_extra_target_fields_ignored" time="2.719" /><testcase classname="tests.test_job_alerts" name="test_publish_matching_job_alerts_strong_nurse" time="4.764" /><testcase classname="tests.test_job_alerts" name="test_draft_job_creates_no_alert_then_transition_does" time="1.711" /><testcase classname="tests.test_job_alerts" name="test_alerts_rls_hospital_and_unauth" time="0.342" /><testcase classname="tests.test_job_alerts" name="test_alerts_rls_nurse_isolation" time="1.457" /><testcase classname="tests.test_job_alerts" name="test_post_alerts_generic_route_rejected" time="0.083" /><testcase classname="tests.test_job_alerts" name="test_mark_read_scoped_to_caller" time="2.237" /><testcase classname="tests.test_workflow_wf8.TestSelectGating" name="test_select_without_interview_400" time="4.016" /><testcase classname="tests.test_workflow_wf8.TestSelectGating" name="test_shortlist_then_schedule_then_complete_cascades" time="0.840" /><testcase classname="tests.test_workflow_wf8.TestSelectGating" name="test_select_missing_joining_date_400" time="0.110" /><testcase classname="tests.test_workflow_wf8.TestSelectGating" name="test_select_ok_with_completed_interview_and_joining_date" time="0.122" /><testcase classname="tests.test_workflow_wf8.TestSelectGating" name="test_mark_joined" time="0.117" /><testcase classname="tests.test_password_management.TestResetPassword" name="test_happy_path_and_old_token_invalidation" time="2.737" /><testcase classname="tests.test_job_alerts" name="test_unauth_mark_read" time="0.072" /><testcase classname="tests.test_workflow_wf10.TestAdminStats" name="test_requires_auth" time="0.246" /><testcase classname="tests.test_workflow_wf10.TestAdminStats" name="test_forbids_non_admin" time="0.869" /><testcase classname="tests.test_workflow_wf10.TestAdminStats" name="test_identity_and_shape" time="0.776" /><testcase classname="tests.test_workflow_wf10.TestAdminStats" name="test_counts_move_when_nurse_registers" time="1.262"><failure message="assert 1280 == (1278 + 1)">backend/tests/test_workflow_wf10.py:85: in test_counts_move_when_nurse_registers
    assert after["total_nurses"] == before["total_nurses"] + 1
E   assert 1280 == (1278 + 1)</failure></testcase><testcase classname="tests.test_password_management.TestResetPassword" name="test_expired_token" time="0.914" /><testcase classname="tests.test_workflow_wf10.TestAdminEdit" name="test_admin_can_patch_nurse_profile" time="1.310" /><testcase classname="tests.test_password_management.TestResetPassword" name="test_invalid_token" time="0.283" /><testcase classname="tests.test_workflow_wf10.TestAdminEdit" name="test_admin_can_patch_hospital" time="5.591" /><testcase classname="tests.test_workflow_wf10.TestAdminEdit" name="test_admin_verification_reflects_in_stats" time="1.570" /><testcase classname="tests.test_workflow_wf8.TestNurseMutationRules" name="test_nurse_cannot_change_status_to_non_withdrawn" time="8.446" /><testcase classname="tests.test_workflow_wf8.TestNurseMutationRules" name="test_nurse_cannot_change_other_fields" time="0.309" /><testcase classname="tests.test_workflow_wf8.TestNurseMutationRules" name="test_nurse_can_withdraw" time="0.071" /><testcase classname="tests.test_password_management.TestForgotPassword" name="test_generic_response_and_hash_at_rest" time="1.595" /><testcase classname="tests.test_password_management.TestForgotPassword" name="test_rate_limit_5_per_hour" time="1.446" /><testcase classname="tests.test_workflow_wf8.TestCandidateNotesPrivacy" name="test_owner_hospital_post_and_get" time="3.856" /><testcase classname="tests.test_workflow_wf8.TestCandidateNotesPrivacy" name="test_other_hospital_forbidden_get_and_post" time="0.356" /><testcase classname="tests.test_workflow_wf8.TestCandidateNotesPrivacy" name="test_notes_not_returned_via_application_endpoints" time="0.574" /><testcase classname="tests.test_password_management.TestNoPasswordLeak" name="test_login_me_admin_users_no_password_fields" time="3.497" /><testcase classname="tests.test_workflow_wf8.TestCandidateDocumentsPrivacy" name="test_owner_hospital_can_read" time="4.876" /><testcase classname="tests.test_workflow_wf8.TestCandidateDocumentsPrivacy" name="test_other_hospital_forbidden" time="0.069" /><testcase classname="tests.test_workflow_wf10.TestSelectedJoinedReport" name="test_report_data_via_admin_application_list" time="0.667" /><testcase classname="tests.test_workflow_wf8.TestRlsRegression" name="test_hospital_b_cannot_read_hospital_a_application" time="0.089" /><testcase classname="tests.test_workflow_wf8.TestRlsRegression" name="test_hospital_b_cannot_patch_hospital_a_application" time="0.124" /></testsuite></testsuites>