<?xml version="1.0" encoding="utf-8"?><testsuites name="pytest tests"><testsuite name="pytest" errors="0" failures="0" skipped="0" tests="15" time="6.891" timestamp="2026-08-18T16:02:13.632089+00:00" hostname="agent-env-fc87c7ac-826f-4eca-9595-486790f69a4f"><testcase classname="tests.test_workflow_wf8.TestNurseMutationRules" name="test_nurse_cannot_change_status_to_non_withdrawn" time="4.954" /><testcase classname="tests.test_workflow_wf8.TestSelectGating" name="test_select_without_interview_400" time="4.901" /><testcase classname="tests.test_workflow_wf8.TestSelectGating" name="test_shortlist_then_schedule_then_complete_cascades" time="0.917" /><testcase classname="tests.test_workflow_wf8.TestNurseMutationRules" name="test_nurse_cannot_change_other_fields" time="0.086" /><testcase classname="tests.test_workflow_wf8.TestNurseMutationRules" name="test_nurse_can_withdraw" time="0.100" /><testcase classname="tests.test_workflow_wf8.TestCandidateNotesPrivacy" name="test_owner_hospital_post_and_get" time="0.171" /><testcase classname="tests.test_workflow_wf8.TestCandidateNotesPrivacy" name="test_other_hospital_forbidden_get_and_post" time="0.193" /><testcase classname="tests.test_workflow_wf8.TestCandidateNotesPrivacy" name="test_notes_not_returned_via_application_endpoints" time="0.247" /><testcase classname="tests.test_workflow_wf8.TestCandidateDocumentsPrivacy" name="test_owner_hospital_can_read" time="0.219" /><testcase classname="tests.test_workflow_wf8.TestSelectGating" name="test_select_missing_joining_date_400" time="0.109" /><testcase classname="tests.test_workflow_wf8.TestSelectGating" name="test_select_ok_with_completed_interview_and_joining_date" time="0.139" /><testcase classname="tests.test_workflow_wf8.TestCandidateDocumentsPrivacy" name="test_other_hospital_forbidden" time="0.140" /><testcase classname="tests.test_workflow_wf8.TestSelectGating" name="test_mark_joined" time="0.105" /><testcase classname="tests.test_workflow_wf8.TestRlsRegression" name="test_hospital_b_cannot_read_hospital_a_application" time="0.079" /><testcase classname="tests.test_workflow_wf8.TestRlsRegression" name="test_hospital_b_cannot_patch_hospital_a_application" time="0.087" /></testsuite></testsuites>