<?xml version="1.0" encoding="utf-8"?><testsuites name="pytest tests"><testsuite name="pytest" errors="0" failures="1" skipped="0" tests="87" time="58.151" timestamp="2026-08-18T16:02:27.333677+00:00" hostname="agent-env-fc87c7ac-826f-4eca-9595-486790f69a4f"><testcase classname="tests.test_nurse_flows" name="test_register_login_nurse" time="0.856" /><testcase classname="tests.test_nurse_flows" name="test_status_endpoint_public" time="0.260" /><testcase classname="tests.test_hospital_flows" name="test_hospital_b_cannot_see_hospital_a_jobs" time="2.388" /><testcase classname="tests.test_hospital_flows" name="test_hospital_b_cannot_patch_hospital_a_job" time="0.084" /><testcase classname="tests.test_nurse_flows" name="test_public_jobs_lists_created_job" time="1.381" /><testcase classname="tests.test_hospital_flows" name="test_hospital_a_can_patch_own_job" time="0.161" /><testcase classname="tests.test_nurse_flows" name="test_nurse_can_read_active_job_by_id" time="0.126" /><testcase classname="tests.test_nurse_flows" name="test_nurse_saves_job" time="0.326" /><testcase classname="tests.test_nurse_flows" name="test_nurse_applies_and_duplicate_blocked" time="0.457" /><testcase classname="tests.test_hospital_flows" name="test_hospital_a_reads_application_snapshot" time="0.774" /><testcase classname="tests.test_nurse_flows" name="test_nurse_cannot_change_own_application_status" time="0.242" /><testcase classname="tests.test_hospital_flows" name="test_hospital_b_cannot_read_hospital_a_application" time="0.074" /><testcase classname="tests.test_hospital_flows" name="test_hospital_b_cannot_patch_hospital_a_application" time="0.091" /><testcase classname="tests.test_hospital_flows" name="test_hospital_b_list_applications_excludes_hospital_a" time="0.077" /><testcase classname="tests.test_nurse_flows" name="test_hospital_shortlists_application" time="0.321" /><testcase classname="tests.test_hospital_flows" name="test_interview_schedule_and_status_transition" time="0.348" /><testcase classname="tests.test_nurse_flows" name="test_hospital_creates_interview_nurse_reads" time="0.325" /><testcase classname="tests.test_hospital_flows" name="test_hospital_b_cannot_see_hospital_a_interviews" time="0.077" /><testcase classname="tests.test_hospital_flows" name="test_job_close_hides_from_public" time="0.238" /><testcase classname="tests.test_hospital_flows" name="test_nurse_cannot_apply_to_closed_job" time="1.129" /><testcase classname="tests.test_nurse_flows" name="test_nurse_b_sees_empty_and_cannot_read_nurse_a_profile" time="1.542" /><testcase classname="tests.test_hospital_flows" name="test_nurse_cannot_patch_job" time="0.085" /><testcase classname="tests.test_hospital_flows" name="test_hospital_profile_and_license_upload" time="0.355" /><testcase classname="tests.test_nurse_flows" name="test_document_upload_download_delete" time="0.830" /><testcase classname="tests.test_security_live" name="test_admin_bootstrap_rejects_without_secret" time="0.784" /><testcase classname="tests.test_security_live" name="test_register_rejects_admin_account_type" time="0.299" /><testcase classname="tests.test_security_live" name="test_generic_resource_allowlist" time="4.398" /><testcase classname="tests.test_nurse_flows" name="test_other_hospital_cannot_read_application" time="0.931" /><testcase classname="tests.test_admin_flows" name="test_non_admin_admin_users_forbidden" time="0.883" /><testcase classname="tests.test_admin_flows" name="test_admin_users_list_ok_no_password_hash" time="1.440" /><testcase classname="tests.test_admin_flows" name="test_nurse_profile_create_verification_stripped" time="0.299" /><testcase classname="tests.test_admin_flows" name="test_hospital_profile_create_and_patch_verification_stripped" time="0.853" /><testcase classname="tests.test_admin_flows" name="test_hospital_cannot_forge_hospital_verified_on_job" time="0.220" /><testcase classname="tests.test_admin_flows" name="test_admin_verify_hospital_propagates_to_jobs" time="1.347" /><testcase classname="tests.test_security_live" name="test_unauthenticated_requires_token" time="0.958" /><testcase classname="tests.test_security_live" name="test_profile_ownership_isolation" time="2.653" /><testcase classname="tests.test_admin_flows" name="test_admin_approve_pending_job_publishes_and_alerts" time="2.974" /><testcase classname="tests.test_security_live" name="test_nurse_profile_and_saved_job_isolation" time="2.189" /><testcase classname="tests.test_admin_flows" name="test_admin_reject_job_hides_from_public" time="1.550" /><testcase classname="tests.test_security_live" name="test_hospital_and_job_isolation_full_flow" time="9.102" /><testcase classname="tests.test_admin_flows" name="test_admin_reads_all_applications_and_documents" time="5.436" /><testcase classname="tests.test_workflow_iteration8" name="test_register_rejects_bad_mobile" time="0.136" /><testcase classname="tests.test_workflow_iteration8" name="test_register_rejects_duplicate_mobile" time="2.781" /><testcase classname="tests.test_workflow_iteration8" name="test_hospital_profile_and_publish_job" time="0.281" /><testcase classname="tests.test_workflow_iteration8" name="test_nurse_apply_and_duplicate_blocked" time="0.390" /><testcase classname="tests.test_workflow_iteration8" name="test_hospital_shortlist_interview_select" time="1.492"><failure message="assert 400 == 200&#10; +  where 400 = &lt;Response [400]&gt;.status_code">backend/tests/test_workflow_iteration8.py:174: in test_hospital_shortlist_interview_select
    assert r.status_code == 200
E   assert 400 == 200
E    +  where 400 = &lt;Response [400]&gt;.status_code</failure></testcase><testcase classname="tests.test_security_live" name="test_document_privacy" time="1.699" /><testcase classname="tests.test_workflow_iteration8" name="test_reject_path" time="0.320" /><testcase classname="tests.test_security_live" name="test_admin_can_access_and_manage_everything" time="4.704" /><testcase classname="tests.test_workflow_iteration8" name="test_nurse_cannot_change_status" time="0.247" /><testcase classname="tests.test_workflow_iteration8" name="test_rls_hospital_isolation" time="1.301" /><testcase classname="tests.test_password_management.TestChangePassword" name="test_happy_path_invalidates_old_token" time="2.466" /><testcase classname="tests.test_password_management.TestChangePassword" name="test_wrong_current_password" time="1.171" /><testcase classname="tests.test_security_live" name="test_immutable_ownership_fields_on_patch" time="2.489" /><testcase classname="tests.test_password_management.TestChangePassword" name="test_short_new_password" time="1.281" /><testcase classname="tests.test_password_management.TestChangePassword" name="test_same_as_current" time="0.951" /><testcase classname="tests.test_password_management.TestChangePassword" name="test_unauthenticated" time="0.262" /><testcase classname="tests.test_password_management.TestChangePassword" name="test_hospital_can_change_own" time="2.371" /><testcase classname="tests.test_password_management.TestChangePassword" name="test_extra_target_fields_ignored" time="2.419" /><testcase classname="tests.test_job_alerts" name="test_publish_matching_job_alerts_strong_nurse" time="4.530" /><testcase classname="tests.test_job_alerts" name="test_draft_job_creates_no_alert_then_transition_does" time="2.105" /><testcase classname="tests.test_job_alerts" name="test_alerts_rls_hospital_and_unauth" time="0.587" /><testcase classname="tests.test_job_alerts" name="test_alerts_rls_nurse_isolation" time="1.233" /><testcase classname="tests.test_job_alerts" name="test_post_alerts_generic_route_rejected" time="0.071" /><testcase classname="tests.test_job_alerts" name="test_mark_read_scoped_to_caller" time="1.977" /><testcase classname="tests.test_workflow_wf8.TestSelectGating" name="test_select_without_interview_400" time="3.598" /><testcase classname="tests.test_workflow_wf8.TestSelectGating" name="test_shortlist_then_schedule_then_complete_cascades" time="1.066" /><testcase classname="tests.test_workflow_wf8.TestSelectGating" name="test_select_missing_joining_date_400" time="0.109" /><testcase classname="tests.test_workflow_wf8.TestSelectGating" name="test_select_ok_with_completed_interview_and_joining_date" time="0.099" /><testcase classname="tests.test_workflow_wf8.TestSelectGating" name="test_mark_joined" time="0.081" /><testcase classname="tests.test_workflow_wf8.TestNurseMutationRules" name="test_nurse_cannot_change_status_to_non_withdrawn" time="0.265" /><testcase classname="tests.test_job_alerts" name="test_unauth_mark_read" time="0.081" /><testcase classname="tests.test_workflow_wf8.TestNurseMutationRules" name="test_nurse_cannot_change_other_fields" time="0.072" /><testcase classname="tests.test_password_management.TestResetPassword" name="test_happy_path_and_old_token_invalidation" time="2.875" /><testcase classname="tests.test_workflow_wf8.TestNurseMutationRules" name="test_nurse_can_withdraw" time="0.271" /><testcase classname="tests.test_workflow_wf8.TestCandidateNotesPrivacy" name="test_owner_hospital_post_and_get" time="0.671" /><testcase classname="tests.test_workflow_wf8.TestCandidateNotesPrivacy" name="test_other_hospital_forbidden_get_and_post" time="0.320" /><testcase classname="tests.test_workflow_wf8.TestCandidateNotesPrivacy" name="test_notes_not_returned_via_application_endpoints" time="2.311" /><testcase classname="tests.test_password_management.TestResetPassword" name="test_expired_token" time="0.797" /><testcase classname="tests.test_password_management.TestForgotPassword" name="test_generic_response_and_hash_at_rest" time="1.198" /><testcase classname="tests.test_password_management.TestResetPassword" name="test_invalid_token" time="0.260" /><testcase classname="tests.test_password_management.TestForgotPassword" name="test_rate_limit_5_per_hour" time="1.757" /><testcase classname="tests.test_workflow_wf8.TestCandidateDocumentsPrivacy" name="test_owner_hospital_can_read" time="4.452" /><testcase classname="tests.test_workflow_wf8.TestCandidateDocumentsPrivacy" name="test_other_hospital_forbidden" time="0.085" /><testcase classname="tests.test_password_management.TestNoPasswordLeak" name="test_login_me_admin_users_no_password_fields" time="2.983" /><testcase classname="tests.test_workflow_wf8.TestRlsRegression" name="test_hospital_b_cannot_read_hospital_a_application" time="4.515" /><testcase classname="tests.test_workflow_wf8.TestRlsRegression" name="test_hospital_b_cannot_patch_hospital_a_application" time="0.236" /></testsuite></testsuites>