<?xml version="1.0" encoding="utf-8"?><testsuites name="pytest tests"><testsuite name="pytest" errors="0" failures="0" skipped="0" tests="8" time="5.913" timestamp="2026-08-18T12:29:25.545401+00:00" hostname="agent-env-fc87c7ac-826f-4eca-9595-486790f69a4f"><testcase classname="tests.test_workflow_iteration8" name="test_register_rejects_bad_mobile" time="0.293" /><testcase classname="tests.test_workflow_iteration8" name="test_register_rejects_duplicate_mobile" time="2.727" /><testcase classname="tests.test_workflow_iteration8" name="test_hospital_profile_and_publish_job" time="0.328" /><testcase classname="tests.test_workflow_iteration8" name="test_nurse_apply_and_duplicate_blocked" time="0.374" /><testcase classname="tests.test_workflow_iteration8" name="test_hospital_shortlist_interview_select" time="0.791" /><testcase classname="tests.test_workflow_iteration8" name="test_reject_path" time="0.233" /><testcase classname="tests.test_workflow_iteration8" name="test_nurse_cannot_change_status" time="0.081" /><testcase classname="tests.test_workflow_iteration8" name="test_rls_hospital_isolation" time="0.589" /></testsuite></testsuites>