<?xml version="1.0" encoding="utf-8"?><testsuites name="pytest tests"><testsuite name="pytest" errors="0" failures="0" skipped="0" tests="12" time="5.497" timestamp="2026-08-14T09:44:16.912367+00:00" hostname="agent-env-fc87c7ac-826f-4eca-9595-486790f69a4f"><testcase classname="tests.test_nurse_flows" name="test_register_login_nurse" time="0.667" /><testcase classname="tests.test_nurse_flows" name="test_status_endpoint_public" time="0.085" /><testcase classname="tests.test_nurse_flows" name="test_public_jobs_lists_created_job" time="0.983" /><testcase classname="tests.test_nurse_flows" name="test_nurse_can_read_active_job_by_id" time="0.075" /><testcase classname="tests.test_nurse_flows" name="test_nurse_saves_job" time="0.140" /><testcase classname="tests.test_nurse_flows" name="test_nurse_applies_and_duplicate_blocked" time="0.155" /><testcase classname="tests.test_nurse_flows" name="test_nurse_cannot_change_own_application_status" time="0.161" /><testcase classname="tests.test_nurse_flows" name="test_hospital_shortlists_application" time="0.273" /><testcase classname="tests.test_nurse_flows" name="test_hospital_creates_interview_nurse_reads" time="0.247" /><testcase classname="tests.test_nurse_flows" name="test_nurse_b_sees_empty_and_cannot_read_nurse_a_profile" time="1.123" /><testcase classname="tests.test_nurse_flows" name="test_document_upload_download_delete" time="0.334" /><testcase classname="tests.test_nurse_flows" name="test_other_hospital_cannot_read_application" time="0.777" /></testsuite></testsuites>