<?xml version="1.0" encoding="utf-8"?><testsuites name="pytest tests"><testsuite name="pytest" errors="0" failures="0" skipped="0" tests="42" time="28.682" timestamp="2026-08-14T10:43:39.885471+00:00" hostname="agent-env-fc87c7ac-826f-4eca-9595-486790f69a4f"><testcase classname="tests.test_nurse_flows" name="test_register_login_nurse" time="1.090" /><testcase classname="tests.test_nurse_flows" name="test_status_endpoint_public" time="0.255" /><testcase classname="tests.test_hospital_flows" name="test_hospital_b_cannot_see_hospital_a_jobs" time="2.231" /><testcase classname="tests.test_hospital_flows" name="test_hospital_b_cannot_patch_hospital_a_job" time="0.077" /><testcase classname="tests.test_nurse_flows" name="test_public_jobs_lists_created_job" time="0.972" /><testcase classname="tests.test_hospital_flows" name="test_hospital_a_can_patch_own_job" time="0.143" /><testcase classname="tests.test_nurse_flows" name="test_nurse_can_read_active_job_by_id" time="0.067" /><testcase classname="tests.test_nurse_flows" name="test_nurse_saves_job" time="0.136" /><testcase classname="tests.test_nurse_flows" name="test_nurse_applies_and_duplicate_blocked" time="0.524" /><testcase classname="tests.test_nurse_flows" name="test_nurse_cannot_change_own_application_status" time="0.145" /><testcase classname="tests.test_hospital_flows" name="test_hospital_a_reads_application_snapshot" time="0.751" /><testcase classname="tests.test_nurse_flows" name="test_hospital_shortlists_application" time="0.288" /><testcase classname="tests.test_hospital_flows" name="test_hospital_b_cannot_read_hospital_a_application" time="0.111" /><testcase classname="tests.test_hospital_flows" name="test_hospital_b_cannot_patch_hospital_a_application" time="0.112" /><testcase classname="tests.test_hospital_flows" name="test_hospital_b_list_applications_excludes_hospital_a" time="0.110" /><testcase classname="tests.test_nurse_flows" name="test_hospital_creates_interview_nurse_reads" time="0.333" /><testcase classname="tests.test_hospital_flows" name="test_interview_schedule_and_status_transition" time="0.327" /><testcase classname="tests.test_hospital_flows" name="test_hospital_b_cannot_see_hospital_a_interviews" time="0.268" /><testcase classname="tests.test_hospital_flows" name="test_job_close_hides_from_public" time="0.372" /><testcase classname="tests.test_nurse_flows" name="test_nurse_b_sees_empty_and_cannot_read_nurse_a_profile" time="1.450" /><testcase classname="tests.test_hospital_flows" name="test_nurse_cannot_apply_to_closed_job" time="0.818" /><testcase classname="tests.test_nurse_flows" name="test_document_upload_download_delete" time="0.415" /><testcase classname="tests.test_hospital_flows" name="test_nurse_cannot_patch_job" time="0.088" /><testcase classname="tests.test_hospital_flows" name="test_hospital_profile_and_license_upload" time="0.559" /><testcase classname="tests.test_nurse_flows" name="test_other_hospital_cannot_read_application" time="1.420" /><testcase classname="tests.test_security_live" name="test_admin_bootstrap_rejects_without_secret" time="1.134" /><testcase classname="tests.test_security_live" name="test_register_rejects_admin_account_type" time="0.252" /><testcase classname="tests.test_security_live" name="test_generic_resource_allowlist" time="2.418" /><testcase classname="tests.test_job_alerts" name="test_publish_matching_job_alerts_strong_nurse" time="3.206" /><testcase classname="tests.test_job_alerts" name="test_draft_job_creates_no_alert_then_transition_does" time="0.537" /><testcase classname="tests.test_job_alerts" name="test_alerts_rls_hospital_and_unauth" time="0.164" /><testcase classname="tests.test_job_alerts" name="test_alerts_rls_nurse_isolation" time="0.937" /><testcase classname="tests.test_job_alerts" name="test_post_alerts_generic_route_rejected" time="0.065" /><testcase classname="tests.test_job_alerts" name="test_mark_read_scoped_to_caller" time="2.127" /><testcase classname="tests.test_security_live" name="test_unauthenticated_requires_token" time="1.401" /><testcase classname="tests.test_security_live" name="test_profile_ownership_isolation" time="1.856" /><testcase classname="tests.test_job_alerts" name="test_unauth_mark_read" time="0.240" /><testcase classname="tests.test_security_live" name="test_nurse_profile_and_saved_job_isolation" time="1.774" /><testcase classname="tests.test_security_live" name="test_hospital_and_job_isolation_full_flow" time="6.223" /><testcase classname="tests.test_security_live" name="test_document_privacy" time="1.619" /><testcase classname="tests.test_security_live" name="test_admin_can_access_and_manage_everything" time="2.941" /><testcase classname="tests.test_security_live" name="test_immutable_ownership_fields_on_patch" time="1.466" /></testsuite></testsuites>