<?xml version="1.0" encoding="utf-8"?><testsuites name="pytest tests"><testsuite name="pytest" errors="0" failures="3" skipped="0" tests="64" time="42.769" timestamp="2026-08-15T05:43:38.107962+00:00" hostname="agent-env-fc87c7ac-826f-4eca-9595-486790f69a4f"><testcase classname="tests.test_nurse_flows" name="test_register_login_nurse" time="1.103" /><testcase classname="tests.test_nurse_flows" name="test_status_endpoint_public" time="0.262" /><testcase classname="tests.test_hospital_flows" name="test_hospital_b_cannot_see_hospital_a_jobs" time="2.207" /><testcase classname="tests.test_hospital_flows" name="test_hospital_b_cannot_patch_hospital_a_job" time="0.075" /><testcase classname="tests.test_hospital_flows" name="test_hospital_a_can_patch_own_job" time="0.144" /><testcase classname="tests.test_nurse_flows" name="test_public_jobs_lists_created_job" time="1.001" /><testcase classname="tests.test_nurse_flows" name="test_nurse_can_read_active_job_by_id" time="0.106" /><testcase classname="tests.test_nurse_flows" name="test_nurse_saves_job" time="0.333" /><testcase classname="tests.test_nurse_flows" name="test_nurse_applies_and_duplicate_blocked" time="0.323" /><testcase classname="tests.test_hospital_flows" name="test_hospital_a_reads_application_snapshot" time="0.769" /><testcase classname="tests.test_nurse_flows" name="test_nurse_cannot_change_own_application_status" time="0.191" /><testcase classname="tests.test_hospital_flows" name="test_hospital_b_cannot_read_hospital_a_application" time="0.069" /><testcase classname="tests.test_hospital_flows" name="test_hospital_b_cannot_patch_hospital_a_application" time="0.105" /><testcase classname="tests.test_nurse_flows" name="test_hospital_shortlists_application" time="0.301" /><testcase classname="tests.test_hospital_flows" name="test_hospital_b_list_applications_excludes_hospital_a" time="0.132" /><testcase classname="tests.test_hospital_flows" name="test_interview_schedule_and_status_transition" time="0.365" /><testcase classname="tests.test_nurse_flows" name="test_hospital_creates_interview_nurse_reads" time="0.248" /><testcase classname="tests.test_hospital_flows" name="test_hospital_b_cannot_see_hospital_a_interviews" time="0.289" /><testcase classname="tests.test_hospital_flows" name="test_job_close_hides_from_public" time="0.371" /><testcase classname="tests.test_nurse_flows" name="test_nurse_b_sees_empty_and_cannot_read_nurse_a_profile" time="1.389" /><testcase classname="tests.test_hospital_flows" name="test_nurse_cannot_apply_to_closed_job" time="0.745" /><testcase classname="tests.test_nurse_flows" name="test_document_upload_download_delete" time="0.279" /><testcase classname="tests.test_hospital_flows" name="test_nurse_cannot_patch_job" time="0.069" /><testcase classname="tests.test_hospital_flows" name="test_hospital_profile_and_license_upload" time="0.484" /><testcase classname="tests.test_nurse_flows" name="test_other_hospital_cannot_read_application" time="1.128" /><testcase classname="tests.test_admin_flows" name="test_non_admin_admin_users_forbidden" time="1.130" /><testcase classname="tests.test_security_live" name="test_admin_bootstrap_rejects_without_secret" time="0.927" /><testcase classname="tests.test_admin_flows" name="test_admin_users_list_ok_no_password_hash" time="0.607" /><testcase classname="tests.test_admin_flows" name="test_nurse_profile_create_verification_stripped" time="0.722" /><testcase classname="tests.test_security_live" name="test_register_rejects_admin_account_type" time="0.064" /><testcase classname="tests.test_security_live" name="test_generic_resource_allowlist" time="2.740" /><testcase classname="tests.test_admin_flows" name="test_hospital_profile_create_and_patch_verification_stripped" time="0.918" /><testcase classname="tests.test_admin_flows" name="test_hospital_cannot_forge_hospital_verified_on_job" time="0.080" /><testcase classname="tests.test_admin_flows" name="test_admin_verify_hospital_propagates_to_jobs" time="1.095" /><testcase classname="tests.test_admin_flows" name="test_admin_approve_pending_job_publishes_and_alerts" time="3.165" /><testcase classname="tests.test_security_live" name="test_unauthenticated_requires_token" time="1.416" /><testcase classname="tests.test_security_live" name="test_profile_ownership_isolation" time="3.441" /><testcase classname="tests.test_admin_flows" name="test_admin_reject_job_hides_from_public" time="1.413" /><testcase classname="tests.test_admin_flows" name="test_admin_reads_all_applications_and_documents" time="3.251" /><testcase classname="tests.test_security_live" name="test_nurse_profile_and_saved_job_isolation" time="2.955" /><testcase classname="tests.test_security_live" name="test_hospital_and_job_isolation_full_flow" time="8.327" /><testcase classname="tests.test_job_alerts" name="test_publish_matching_job_alerts_strong_nurse" time="3.857" /><testcase classname="tests.test_job_alerts" name="test_draft_job_creates_no_alert_then_transition_does" time="0.626" /><testcase classname="tests.test_job_alerts" name="test_alerts_rls_hospital_and_unauth" time="0.139" /><testcase classname="tests.test_job_alerts" name="test_alerts_rls_nurse_isolation" time="0.774" /><testcase classname="tests.test_job_alerts" name="test_post_alerts_generic_route_rejected" time="0.078" /><testcase classname="tests.test_job_alerts" name="test_mark_read_scoped_to_caller" time="2.580" /><testcase classname="tests.test_job_alerts" name="test_unauth_mark_read" time="0.068" /><testcase classname="tests.test_password_management.TestChangePassword" name="test_happy_path_invalidates_old_token" time="1.941"><failure message="assert 200 == 401&#10; +  where 200 = &lt;Response [200]&gt;.status_code">tests/test_password_management.py:87: in test_happy_path_invalidates_old_token
    assert me_old.status_code == 401
E   assert 200 == 401
E    +  where 200 = &lt;Response [200]&gt;.status_code</failure></testcase><testcase classname="tests.test_security_live" name="test_document_privacy" time="3.206" /><testcase classname="tests.test_password_management.TestChangePassword" name="test_wrong_current_password" time="1.139" /><testcase classname="tests.test_password_management.TestChangePassword" name="test_short_new_password" time="0.854" /><testcase classname="tests.test_security_live" name="test_admin_can_access_and_manage_everything" time="6.010" /><testcase classname="tests.test_password_management.TestChangePassword" name="test_same_as_current" time="1.305" /><testcase classname="tests.test_password_management.TestChangePassword" name="test_unauthenticated" time="0.251" /><testcase classname="tests.test_password_management.TestChangePassword" name="test_hospital_can_change_own" time="2.077" /><testcase classname="tests.test_password_management.TestChangePassword" name="test_extra_target_fields_ignored" time="2.384" /><testcase classname="tests.test_security_live" name="test_immutable_ownership_fields_on_patch" time="2.305" /><testcase classname="tests.test_password_management.TestForgotPassword" name="test_generic_response_and_hash_at_rest" time="1.338"><failure message="assert 0 &gt;= 1&#10; +  where 0 = len([])">tests/test_password_management.py:175: in test_generic_response_and_hash_at_rest
    asyncio.new_event_loop().run_until_complete(check())
/usr/local/lib/python3.11/asyncio/base_events.py:654: in run_until_complete
    return future.result()
           ^^^^^^^^^^^^^^^
tests/test_password_management.py:166: in check
    assert len(docs) &gt;= 1
E   assert 0 &gt;= 1
E    +  where 0 = len([])</failure></testcase><testcase classname="tests.test_password_management.TestForgotPassword" name="test_rate_limit_5_per_hour" time="1.297" /><testcase classname="tests.test_password_management.TestResetPassword" name="test_happy_path_and_old_token_invalidation" time="1.962"><failure message="AssertionError: assert 200 == 401&#10; +  where 200 = &lt;Response [200]&gt;.status_code&#10; +    where &lt;Response [200]&gt; = &lt;function get at 0xfdc44f522de0&gt;('https://security-layer-build.preview.emergentagent.com/api/auth/me', headers={'Authorization': 'Bearer eyJhbGciOiJIUzI1NiIsInR5cCI6IkpXVCJ9.eyJzdWIiOiI1OWIwNGZiMy1mMjBhLTRkZmYtOTcwMy01YzhiNTQ1YzQ...E3ODY3NzI2NTcsImV4cCI6MTc4Njc3NjI1N30.YaJ5Kl2c8k2mKP-bpUgp2bqjPLWUP0qHuYmMHgX70ew', 'Content-Type': 'application/json'}, timeout=15)&#10; +      where &lt;function get at 0xfdc44f522de0&gt; = requests.get&#10; +      and   {'Authorization': 'Bearer eyJhbGciOiJIUzI1NiIsInR5cCI6IkpXVCJ9.eyJzdWIiOiI1OWIwNGZiMy1mMjBhLTRkZmYtOTcwMy01YzhiNTQ1YzQ...E3ODY3NzI2NTcsImV4cCI6MTc4Njc3NjI1N30.YaJ5Kl2c8k2mKP-bpUgp2bqjPLWUP0qHuYmMHgX70ew', 'Content-Type': 'application/json'} = _h('eyJhbGciOiJIUzI1NiIsInR5cCI6IkpXVCJ9.eyJzdWIiOiI1OWIwNGZiMy1mMjBhLTRkZmYtOTcwMy01YzhiNTQ1YzQ3NWIiLCJpYXQiOjE3ODY3NzI2NTcsImV4cCI6MTc4Njc3NjI1N30.YaJ5Kl2c8k2mKP-bpUgp2bqjPLWUP0qHuYmMHgX70ew')">tests/test_password_management.py:221: in test_happy_path_and_old_token_invalidation
    assert requests.get(f"{BASE}/api/auth/me", headers=_h(old_jwt), timeout=15).status_code == 401
E   AssertionError: assert 200 == 401
E    +  where 200 = &lt;Response [200]&gt;.status_code
E    +    where &lt;Response [200]&gt; = &lt;function get at 0xfdc44f522de0&gt;('https://security-layer-build.preview.emergentagent.com/api/auth/me', headers={'Authorization': 'Bearer eyJhbGciOiJIUzI1NiIsInR5cCI6IkpXVCJ9.eyJzdWIiOiI1OWIwNGZiMy1mMjBhLTRkZmYtOTcwMy01YzhiNTQ1YzQ...E3ODY3NzI2NTcsImV4cCI6MTc4Njc3NjI1N30.YaJ5Kl2c8k2mKP-bpUgp2bqjPLWUP0qHuYmMHgX70ew', 'Content-Type': 'application/json'}, timeout=15)
E    +      where &lt;function get at 0xfdc44f522de0&gt; = requests.get
E    +      and   {'Authorization': 'Bearer eyJhbGciOiJIUzI1NiIsInR5cCI6IkpXVCJ9.eyJzdWIiOiI1OWIwNGZiMy1mMjBhLTRkZmYtOTcwMy01YzhiNTQ1YzQ...E3ODY3NzI2NTcsImV4cCI6MTc4Njc3NjI1N30.YaJ5Kl2c8k2mKP-bpUgp2bqjPLWUP0qHuYmMHgX70ew', 'Content-Type': 'application/json'} = _h('eyJhbGciOiJIUzI1NiIsInR5cCI6IkpXVCJ9.eyJzdWIiOiI1OWIwNGZiMy1mMjBhLTRkZmYtOTcwMy01YzhiNTQ1YzQ3NWIiLCJpYXQiOjE3ODY3NzI2NTcsImV4cCI6MTc4Njc3NjI1N30.YaJ5Kl2c8k2mKP-bpUgp2bqjPLWUP0qHuYmMHgX70ew')</failure></testcase><testcase classname="tests.test_password_management.TestNoPasswordLeak" name="test_login_me_admin_users_no_password_fields" time="3.057" /><testcase classname="tests.test_password_management.TestResetPassword" name="test_expired_token" time="1.334" /><testcase classname="tests.test_password_management.TestResetPassword" name="test_invalid_token" time="0.288" /></testsuite></testsuites>